{"total": {"lines":{"total":103,"covered":41,"skipped":0,"pct":39.8},"statements":{"total":107,"covered":41,"skipped":0,"pct":38.31},"functions":{"total":26,"covered":8,"skipped":0,"pct":30.76},"branches":{"total":32,"covered":6,"skipped":0,"pct":18.75},"branchesTrue":{"total":0,"covered":0,"skipped":0,"pct":100}}
,"/home/rafarello/Trybe_Turma_14B/projects/Back_End/sd-014-b-project-car-shop/src/controllers/CarsController.ts": {"lines":{"total":45,"covered":10,"skipped":0,"pct":22.22},"functions":{"total":6,"covered":2,"skipped":0,"pct":33.33},"statements":{"total":45,"covered":10,"skipped":0,"pct":22.22},"branches":{"total":20,"covered":2,"skipped":0,"pct":10}}
,"/home/rafarello/Trybe_Turma_14B/projects/Back_End/sd-014-b-project-car-shop/src/controllers/index.ts": {"lines":{"total":13,"covered":9,"skipped":0,"pct":69.23},"functions":{"total":3,"covered":2,"skipped":0,"pct":66.66},"statements":{"total":13,"covered":9,"skipped":0,"pct":69.23},"branches":{"total":2,"covered":2,"skipped":0,"pct":100}}
,"/home/rafarello/Trybe_Turma_14B/projects/Back_End/sd-014-b-project-car-shop/src/models/CarsModel.ts": {"lines":{"total":5,"covered":5,"skipped":0,"pct":100},"functions":{"total":1,"covered":1,"skipped":0,"pct":100},"statements":{"total":5,"covered":5,"skipped":0,"pct":100},"branches":{"total":1,"covered":1,"skipped":0,"pct":100}}
,"/home/rafarello/Trybe_Turma_14B/projects/Back_End/sd-014-b-project-car-shop/src/models/MongoModel.ts": {"lines":{"total":8,"covered":7,"skipped":0,"pct":87.5},"functions":{"total":6,"covered":1,"skipped":0,"pct":16.66},"statements":{"total":12,"covered":7,"skipped":0,"pct":58.33},"branches":{"total":0,"covered":0,"skipped":0,"pct":100}}
,"/home/rafarello/Trybe_Turma_14B/projects/Back_End/sd-014-b-project-car-shop/src/services/CarsService.ts": {"lines":{"total":25,"covered":8,"skipped":0,"pct":32},"functions":{"total":4,"covered":1,"skipped":0,"pct":25},"statements":{"total":25,"covered":8,"skipped":0,"pct":32},"branches":{"total":9,"covered":1,"skipped":0,"pct":11.11}}
,"/home/rafarello/Trybe_Turma_14B/projects/Back_End/sd-014-b-project-car-shop/src/services/index.ts": {"lines":{"total":7,"covered":2,"skipped":0,"pct":28.57},"functions":{"total":6,"covered":1,"skipped":0,"pct":16.66},"statements":{"total":7,"covered":2,"skipped":0,"pct":28.57},"branches":{"total":0,"covered":0,"skipped":0,"pct":100}}
}
