{"total": {"lines":{"total":13,"covered":12,"skipped":0,"pct":92.3},"statements":{"total":17,"covered":12,"skipped":0,"pct":70.58},"functions":{"total":7,"covered":2,"skipped":0,"pct":28.57},"branches":{"total":1,"covered":1,"skipped":0,"pct":100},"branchesTrue":{"total":0,"covered":0,"skipped":0,"pct":"Unknown"}}
,"/home/rafarello/Trybe_Turma_14B/projects/Back_End/sd-014-b-project-car-shop/src/models/CarsModel.ts": {"lines":{"total":5,"covered":5,"skipped":0,"pct":100},"functions":{"total":1,"covered":1,"skipped":0,"pct":100},"statements":{"total":5,"covered":5,"skipped":0,"pct":100},"branches":{"total":1,"covered":1,"skipped":0,"pct":100}}
,"/home/rafarello/Trybe_Turma_14B/projects/Back_End/sd-014-b-project-car-shop/src/models/MongoModel.ts": {"lines":{"total":8,"covered":7,"skipped":0,"pct":87.5},"functions":{"total":6,"covered":1,"skipped":0,"pct":16.66},"statements":{"total":12,"covered":7,"skipped":0,"pct":58.33},"branches":{"total":0,"covered":0,"skipped":0,"pct":100}}
}
