TN:
SF:src/models/CarsModel.ts
FN:18,(anonymous_1)
FNF:1
FNH:1
FNDA:1,(anonymous_1)
DA:1,1
DA:2,1
DA:5,1
DA:19,1
DA:23,1
LF:5
LH:5
BRDA:18,0,0,1
BRF:1
BRH:1
end_of_record
TN:
SF:src/models/MongoModel.ts
FN:7,(anonymous_0)
FN:9,(anonymous_1)
FN:11,(anonymous_2)
FN:13,(anonymous_3)
FN:16,(anonymous_4)
FN:19,(anonymous_5)
FNF:6
FNH:1
FNDA:1,(anonymous_0)
FNDA:0,(anonymous_1)
FNDA:0,(anonymous_2)
FNDA:0,(anonymous_3)
FNDA:0,(anonymous_4)
FNDA:0,(anonymous_5)
DA:7,1
DA:9,1
DA:11,1
DA:13,1
DA:14,0
DA:16,1
DA:19,1
DA:23,1
LF:8
LH:7
BRF:0
BRH:0
end_of_record
